/nexus/service/local/lucene/search?v=6.5.1
/nexus/service/local/lucene/search?v=7.0.1
/nexus/service/local/lucene/search?v=7.2.1
/nexus/service/local/repositories/Talend_Patches_For_Release_6.5.1_Dev/content/org/talend/studio/patch/plainzip/Patch_20180116_TPS-2352_v1/6.5.1/Patch_20180116_TPS-2352_v1-6.5.1.pom
/nexus/service/local/repositories/Talend_Patches_For_Release_6.5.1_Dev/content/org/talend/studio/patch/plainzip/Patch_20180214_TPS-2347_v1/6.5.1/Patch_20180214_TPS-2347_v1-6.5.1.pom
/nexus/service/local/repositories/Talend_Patches_For_Release_6.5.1_Dev/content/org/talend/studio/patch/plainzip/Patch_20180417_TPS-2318_v1/6.5.1/Patch_20180417_TPS-2318_v1-6.5.1.pom
/nexus/service/local/repositories/Talend_Patches_For_Release_6.5.1_Dev/content/org/talend/studio/patch/plainzip/Patch_20180417_TPS-2318_v2/6.5.1/Patch_20180417_TPS-2318_v2-6.5.1.pom
/nexus/service/local/repositories/Talend_Patches_For_Release_6.5.1_Dev/content/org/talend/studio/patch/plainzip/Patch_20180521_TPS-2457_v1/6.5.1/Patch_20180521_TPS-2457_v1-6.5.1.pom
/nexus/service/local/repositories/Talend_Patches_For_Release_6.5.1_Dev/content/org/talend/studio/patch/plainzip/Patch_20180611_TPS-2542_v1/6.5.1/Patch_20180611_TPS-2542_v1-6.5.1.pom
/nexus/service/local/repositories/Talend_Patches_For_Release_6.5.1_Dev/content/org/talend/studio/patch/plainzip/Patch_20180720_TPS-2577_v1/6.5.1/Patch_20180720_TPS-2577_v1-6.5.1.pom
/nexus/service/local/repositories/Talend_Patches_For_Release_6.5.1_Dev/content/org/talend/studio/patch/plainzip/Patch_20181123_TPS-2786_v1/6.5.1/Patch_20181123_TPS-2786_v1-6.5.1.pom
/nexus/service/local/repositories/Talend_Patches_For_Release_6.5.1_Dev/content/org/talend/studio/patch/updatesite/Patch_20180211_TPS-2307_v1/6.5.1/Patch_20180211_TPS-2307_v1-6.5.1.pom
/nexus/service/local/repositories/Talend_Patches_For_Release_6.5.1_Dev/content/org/talend/studio/patch/updatesite/Patch_20180508_TPS-2469_v1/6.5.1/Patch_20180508_TPS-2469_v1-6.5.1.pom
/nexus/service/local/repositories/Talend_Patches_For_Release_6.5.1_Dev/content/org/talend/studio/patch/updatesite/Patch_20180606_TPS-2531_v1/6.5.1/Patch_20180606_TPS-2531_v1-6.5.1.pom
/nexus/service/local/repositories/Talend_Patches_For_Release_6.5.1_Dev/content/org/talend/studio/patch/updatesite/Patch_20180719_TPS-2598_v1/6.5.1/Patch_20180719_TPS-2598_v1-6.5.1.pom
/nexus/service/local/repositories/Talend_Patches_For_Release_6.5.1_Dev/content/org/talend/studio/patch/updatesite/Patch_20180720_TPS-2577_v2/6.5.1/Patch_20180720_TPS-2577_v2-6.5.1.pom
/nexus/service/local/repositories/Talend_Patches_For_Release_6.5.1_Dev/content/org/talend/studio/patch/updatesite/Patch_20180720_TPS-2577_v4/6.5.1/Patch_20180720_TPS-2577_v4-6.5.1.pom
/nexus/service/local/repositories/Talend_Patches_For_Release_6.5.1_Dev/content/org/talend/studio/patch/updatesite/Patch_20180914_TPS-2699_v1/6.5.1/Patch_20180914_TPS-2699_v1-6.5.1.pom
/nexus/service/local/repositories/Talend_Patches_For_Release_6.5.1_Dev/content/org/talend/studio/patch/updatesite/Patch_20180917_TPS-2699_v1/6.5.1/Patch_20180917_TPS-2699_v1-6.5.1.pom
/nexus/service/local/repositories/Talend_Patches_For_Release_6.5.1_Dev/content/org/talend/tac/patch/full/Patch_20180220_TPS-2337_v1/6.5.1/Patch_20180220_TPS-2337_v1-6.5.1.pom
/nexus/service/local/repositories/Talend_Patches_For_Release_6.5.1_Dev/content/org/talend/tac/patch/full/Patch_20180727_TPS-2602_v1/6.5.1/Patch_20180727_TPS-2602_v1-6.5.1.pom
/nexus/service/local/repositories/Talend_Patches_For_Release_6.5.1_Dev/content/org/talend/tac/patch/full/Patch_20190107_TPS-2842_v1/6.5.1/Patch_20190107_TPS-2842_v1-6.5.1.pom
/nexus/service/local/user_account/Talend_QA
